<?xml version="1.0" encoding="UTF-8"?>
<coverage generated="1754873211430" clover="3.2.0">
  <project timestamp="1754873211430" name="All files">
    <metrics statements="32" coveredstatements="28" conditionals="18" coveredconditionals="14" methods="13" coveredmethods="13" elements="63" coveredelements="55" complexity="0" loc="32" ncloc="32" packages="2" files="8" classes="8"/>
    <package name="components">
      <metrics statements="8" coveredstatements="8" conditionals="4" coveredconditionals="4" methods="7" coveredmethods="7"/>
      <file name="About.tsx" path="/home/danielcamucatto/projetos/danielcamucatto.dev/frontend/src/components/About.tsx">
        <metrics statements="1" coveredstatements="1" conditionals="0" coveredconditionals="0" methods="1" coveredmethods="1"/>
        <line num="3" count="1" type="stmt"/>
      </file>
      <file name="Experience.tsx" path="/home/danielcamucatto/projetos/danielcamucatto.dev/frontend/src/components/Experience.tsx">
        <metrics statements="1" coveredstatements="1" conditionals="0" coveredconditionals="0" methods="1" coveredmethods="1"/>
        <line num="3" count="3" type="stmt"/>
      </file>
      <file name="Footer.tsx" path="/home/danielcamucatto/projetos/danielcamucatto.dev/frontend/src/components/Footer.tsx">
        <metrics statements="1" coveredstatements="1" conditionals="0" coveredconditionals="0" methods="1" coveredmethods="1"/>
        <line num="3" count="2" type="stmt"/>
      </file>
      <file name="Header.tsx" path="/home/danielcamucatto/projetos/danielcamucatto.dev/frontend/src/components/Header.tsx">
        <metrics statements="1" coveredstatements="1" conditionals="0" coveredconditionals="0" methods="1" coveredmethods="1"/>
        <line num="3" count="2" type="stmt"/>
      </file>
      <file name="Navigation.tsx" path="/home/danielcamucatto/projetos/danielcamucatto.dev/frontend/src/components/Navigation.tsx">
        <metrics statements="1" coveredstatements="1" conditionals="0" coveredconditionals="0" methods="1" coveredmethods="1"/>
        <line num="3" count="2" type="stmt"/>
      </file>
      <file name="Projects.tsx" path="/home/danielcamucatto/projetos/danielcamucatto.dev/frontend/src/components/Projects.tsx">
        <metrics statements="1" coveredstatements="1" conditionals="0" coveredconditionals="0" methods="1" coveredmethods="1"/>
        <line num="3" count="3" type="stmt"/>
      </file>
      <file name="ThemeToggle.tsx" path="/home/danielcamucatto/projetos/danielcamucatto.dev/frontend/src/components/ThemeToggle.tsx">
        <metrics statements="2" coveredstatements="2" conditionals="4" coveredconditionals="4" methods="1" coveredmethods="1"/>
        <line num="4" count="5" type="stmt"/>
        <line num="6" count="5" type="stmt"/>
      </file>
    </package>
    <package name="contexts">
      <metrics statements="24" coveredstatements="20" conditionals="14" coveredconditionals="10" methods="6" coveredmethods="6"/>
      <file name="ThemeContext.tsx" path="/home/danielcamucatto/projetos/danielcamucatto.dev/frontend/src/contexts/ThemeContext.tsx">
        <metrics statements="24" coveredstatements="20" conditionals="14" coveredconditionals="10" methods="6" coveredmethods="6"/>
        <line num="11" count="3" type="stmt"/>
        <line num="14" count="12" type="stmt"/>
        <line num="15" count="12" type="cond" truecount="1" falsecount="1"/>
        <line num="16" count="0" type="stmt"/>
        <line num="18" count="12" type="stmt"/>
        <line num="26" count="12" type="stmt"/>
        <line num="27" count="6" type="cond" truecount="1" falsecount="1"/>
        <line num="28" count="6" type="stmt"/>
        <line num="29" count="6" type="cond" truecount="2" falsecount="0"/>
        <line num="30" count="1" type="cond" truecount="1" falsecount="1"/>
        <line num="31" count="0" type="stmt"/>
        <line num="33" count="1" type="stmt"/>
        <line num="36" count="5" type="cond" truecount="1" falsecount="1"/>
        <line num="37" count="0" type="stmt"/>
        <line num="38" count="0" type="stmt"/>
        <line num="41" count="5" type="stmt"/>
        <line num="44" count="12" type="stmt"/>
        <line num="45" count="12" type="cond" truecount="2" falsecount="0"/>
        <line num="46" count="3" type="stmt"/>
        <line num="48" count="9" type="stmt"/>
        <line num="51" count="12" type="stmt"/>
        <line num="54" count="12" type="stmt"/>
        <line num="55" count="6" type="cond" truecount="2" falsecount="0"/>
        <line num="58" count="12" type="stmt"/>
      </file>
    </package>
  </project>
</coverage>
