{"/home/danielcamucatto/projetos/danielcamucatto.dev/frontend/src/components/About.tsx": {"path":"/home/danielcamucatto/projetos/danielcamucatto.dev/frontend/src/components/About.tsx","statementMap":{"0":{"start":{"line":3,"column":2},"end":{"line":19,"column":4}}},"fnMap":{"0":{"name":"About","decl":{"start":{"line":2,"column":24},"end":{"line":2,"column":29}},"loc":{"start":{"line":2,"column":32},"end":{"line":20,"column":1}},"line":2}},"branchMap":{},"s":{"0":1},"f":{"0":1},"b":{},"_coverageSchema":"1a1c01bbd47fc00a2c39e90264f33305004495a9","hash":"6a635d6e906d8bbddedb7f50114b838aac22ff27"}
,"/home/danielcamucatto/projetos/danielcamucatto.dev/frontend/src/components/ThemeToggle.tsx": {"path":"/home/danielcamucatto/projetos/danielcamucatto.dev/frontend/src/components/ThemeToggle.tsx","statementMap":{"0":{"start":{"line":4,"column":33},"end":{"line":4,"column":43}},"1":{"start":{"line":6,"column":2},"end":{"line":52,"column":4}}},"fnMap":{"0":{"name":"ThemeToggle","decl":{"start":{"line":3,"column":24},"end":{"line":3,"column":35}},"loc":{"start":{"line":3,"column":38},"end":{"line":53,"column":1}},"line":3}},"branchMap":{"0":{"loc":{"start":{"line":10,"column":37},"end":{"line":10,"column":75}},"type":"cond-expr","locations":[{"start":{"line":10,"column":57},"end":{"line":10,"column":65}},{"start":{"line":10,"column":68},"end":{"line":10,"column":75}}],"line":10},"1":{"loc":{"start":{"line":12,"column":7},"end":{"line":50,"column":7}},"type":"cond-expr","locations":[{"start":{"line":13,"column":8},"end":{"line":26,"column":14}},{"start":{"line":28,"column":8},"end":{"line":49,"column":14}}],"line":12}},"s":{"0":4,"1":4},"f":{"0":4},"b":{"0":[3,1],"1":[3,1]},"_coverageSchema":"1a1c01bbd47fc00a2c39e90264f33305004495a9","hash":"0a44adaee1d7077d568588d2589062cc5f19b7b9"}
,"/home/danielcamucatto/projetos/danielcamucatto.dev/frontend/src/contexts/ThemeContext.tsx": {"path":"/home/danielcamucatto/projetos/danielcamucatto.dev/frontend/src/contexts/ThemeContext.tsx","statementMap":{"0":{"start":{"line":11,"column":21},"end":{"line":11,"column":75}},"1":{"start":{"line":14,"column":18},"end":{"line":14,"column":42}},"2":{"start":{"line":15,"column":2},"end":{"line":17,"column":3}},"3":{"start":{"line":16,"column":4},"end":{"line":16,"column":68}},"4":{"start":{"line":18,"column":2},"end":{"line":18,"column":17}},"5":{"start":{"line":26,"column":28},"end":{"line":42,"column":4}},"6":{"start":{"line":27,"column":4},"end":{"line":40,"column":5}},"7":{"start":{"line":28,"column":25},"end":{"line":28,"column":63}},"8":{"start":{"line":29,"column":6},"end":{"line":34,"column":7}},"9":{"start":{"line":30,"column":8},"end":{"line":32,"column":9}},"10":{"start":{"line":31,"column":10},"end":{"line":31,"column":57}},"11":{"start":{"line":33,"column":8},"end":{"line":33,"column":26}},"12":{"start":{"line":36,"column":6},"end":{"line":39,"column":7}},"13":{"start":{"line":37,"column":8},"end":{"line":37,"column":55}},"14":{"start":{"line":38,"column":8},"end":{"line":38,"column":22}},"15":{"start":{"line":41,"column":4},"end":{"line":41,"column":19}},"16":{"start":{"line":44,"column":2},"end":{"line":52,"column":14}},"17":{"start":{"line":45,"column":4},"end":{"line":49,"column":5}},"18":{"start":{"line":46,"column":6},"end":{"line":46,"column":53}},"19":{"start":{"line":48,"column":6},"end":{"line":48,"column":56}},"20":{"start":{"line":51,"column":4},"end":{"line":51,"column":41}},"21":{"start":{"line":54,"column":22},"end":{"line":56,"column":3}},"22":{"start":{"line":55,"column":4},"end":{"line":55,"column":68}},"23":{"start":{"line":55,"column":26},"end":{"line":55,"column":66}},"24":{"start":{"line":58,"column":2},"end":{"line":62,"column":4}}},"fnMap":{"0":{"name":"useTheme","decl":{"start":{"line":13,"column":16},"end":{"line":13,"column":24}},"loc":{"start":{"line":13,"column":27},"end":{"line":19,"column":1}},"line":13},"1":{"name":"ThemeProvider","decl":{"start":{"line":25,"column":16},"end":{"line":25,"column":29}},"loc":{"start":{"line":25,"column":64},"end":{"line":63,"column":1}},"line":25},"2":{"name":"(anonymous_2)","decl":{"start":{"line":26,"column":44},"end":{"line":26,"column":45}},"loc":{"start":{"line":26,"column":50},"end":{"line":42,"column":3}},"line":26},"3":{"name":"(anonymous_3)","decl":{"start":{"line":44,"column":12},"end":{"line":44,"column":13}},"loc":{"start":{"line":44,"column":18},"end":{"line":52,"column":3}},"line":44},"4":{"name":"(anonymous_4)","decl":{"start":{"line":54,"column":22},"end":{"line":54,"column":23}},"loc":{"start":{"line":54,"column":28},"end":{"line":56,"column":3}},"line":54},"5":{"name":"(anonymous_5)","decl":{"start":{"line":55,"column":13},"end":{"line":55,"column":14}},"loc":{"start":{"line":55,"column":26},"end":{"line":55,"column":66}},"line":55}},"branchMap":{"0":{"loc":{"start":{"line":15,"column":2},"end":{"line":17,"column":3}},"type":"if","locations":[{"start":{"line":15,"column":2},"end":{"line":17,"column":3}},{"start":{},"end":{}}],"line":15},"1":{"loc":{"start":{"line":27,"column":4},"end":{"line":40,"column":5}},"type":"if","locations":[{"start":{"line":27,"column":4},"end":{"line":40,"column":5}},{"start":{},"end":{}}],"line":27},"2":{"loc":{"start":{"line":29,"column":6},"end":{"line":34,"column":7}},"type":"if","locations":[{"start":{"line":29,"column":6},"end":{"line":34,"column":7}},{"start":{},"end":{}}],"line":29},"3":{"loc":{"start":{"line":30,"column":8},"end":{"line":32,"column":9}},"type":"if","locations":[{"start":{"line":30,"column":8},"end":{"line":32,"column":9}},{"start":{},"end":{}}],"line":30},"4":{"loc":{"start":{"line":36,"column":6},"end":{"line":39,"column":7}},"type":"if","locations":[{"start":{"line":36,"column":6},"end":{"line":39,"column":7}},{"start":{},"end":{}}],"line":36},"5":{"loc":{"start":{"line":45,"column":4},"end":{"line":49,"column":5}},"type":"if","locations":[{"start":{"line":45,"column":4},"end":{"line":49,"column":5}},{"start":{"line":47,"column":11},"end":{"line":49,"column":5}}],"line":45},"6":{"loc":{"start":{"line":55,"column":26},"end":{"line":55,"column":66}},"type":"cond-expr","locations":[{"start":{"line":55,"column":50},"end":{"line":55,"column":56}},{"start":{"line":55,"column":59},"end":{"line":55,"column":66}}],"line":55}},"s":{"0":1,"1":4,"2":4,"3":0,"4":4,"5":4,"6":2,"7":2,"8":2,"9":1,"10":0,"11":1,"12":1,"13":0,"14":0,"15":1,"16":4,"17":4,"18":1,"19":3,"20":4,"21":4,"22":2,"23":2,"24":4},"f":{"0":4,"1":4,"2":2,"3":4,"4":2,"5":2},"b":{"0":[0,4],"1":[2,0],"2":[1,1],"3":[0,1],"4":[0,1],"5":[1,3],"6":[1,1]},"_coverageSchema":"1a1c01bbd47fc00a2c39e90264f33305004495a9","hash":"b2bcf3fd14a1d940353caaed9ab449d20ac298c0"}
}
