TN:
SF:src/components/About.tsx
FN:2,About
FNF:1
FNH:1
FNDA:1,About
DA:3,1
LF:1
LH:1
BRF:0
BRH:0
end_of_record
TN:
SF:src/components/Experience.tsx
FN:2,Experience
FNF:1
FNH:1
FNDA:3,Experience
DA:3,3
LF:1
LH:1
BRF:0
BRH:0
end_of_record
TN:
SF:src/components/Footer.tsx
FN:2,Footer
FNF:1
FNH:1
FNDA:2,Footer
DA:3,2
LF:1
LH:1
BRF:0
BRH:0
end_of_record
TN:
SF:src/components/Header.tsx
FN:2,Header
FNF:1
FNH:1
FNDA:2,Header
DA:3,2
LF:1
LH:1
BRF:0
BRH:0
end_of_record
TN:
SF:src/components/Navigation.tsx
FN:2,Navigation
FNF:1
FNH:1
FNDA:2,Navigation
DA:3,2
LF:1
LH:1
BRF:0
BRH:0
end_of_record
TN:
SF:src/components/Projects.tsx
FN:2,Projects
FNF:1
FNH:1
FNDA:3,Projects
DA:3,3
LF:1
LH:1
BRF:0
BRH:0
end_of_record
TN:
SF:src/components/ThemeToggle.tsx
FN:3,ThemeToggle
FNF:1
FNH:1
FNDA:5,ThemeToggle
DA:4,5
DA:6,5
LF:2
LH:2
BRDA:10,0,0,4
BRDA:10,0,1,1
BRDA:12,1,0,4
BRDA:12,1,1,1
BRF:4
BRH:4
end_of_record
TN:
SF:src/contexts/ThemeContext.tsx
FN:13,useTheme
FN:25,ThemeProvider
FN:26,(anonymous_2)
FN:44,(anonymous_3)
FN:54,(anonymous_4)
FN:55,(anonymous_5)
FNF:6
FNH:6
FNDA:12,useTheme
FNDA:12,ThemeProvider
FNDA:6,(anonymous_2)
FNDA:12,(anonymous_3)
FNDA:6,(anonymous_4)
FNDA:6,(anonymous_5)
DA:11,3
DA:14,12
DA:15,12
DA:16,0
DA:18,12
DA:26,12
DA:27,6
DA:28,6
DA:29,6
DA:30,1
DA:31,0
DA:33,1
DA:36,5
DA:37,0
DA:38,0
DA:41,5
DA:44,12
DA:45,12
DA:46,3
DA:48,9
DA:51,12
DA:54,12
DA:55,6
DA:58,12
LF:24
LH:20
BRDA:15,0,0,0
BRDA:15,0,1,12
BRDA:27,1,0,6
BRDA:27,1,1,0
BRDA:29,2,0,1
BRDA:29,2,1,5
BRDA:30,3,0,0
BRDA:30,3,1,1
BRDA:36,4,0,0
BRDA:36,4,1,5
BRDA:45,5,0,3
BRDA:45,5,1,9
BRDA:55,6,0,3
BRDA:55,6,1,3
BRF:14
BRH:10
end_of_record
