TN:
SF:src/components/About.tsx
FN:2,About
FNF:1
FNH:1
FNDA:1,About
DA:3,1
LF:1
LH:1
BRF:0
BRH:0
end_of_record
TN:
SF:src/components/ThemeToggle.tsx
FN:3,ThemeToggle
FNF:1
FNH:1
FNDA:4,ThemeToggle
DA:4,4
DA:6,4
LF:2
LH:2
BRDA:10,0,0,3
BRDA:10,0,1,1
BRDA:12,1,0,3
BRDA:12,1,1,1
BRF:4
BRH:4
end_of_record
TN:
SF:src/contexts/ThemeContext.tsx
FN:13,useTheme
FN:25,ThemeProvider
FN:26,(anonymous_2)
FN:44,(anonymous_3)
FN:54,(anonymous_4)
FN:55,(anonymous_5)
FNF:6
FNH:6
FNDA:4,useTheme
FNDA:4,ThemeProvider
FNDA:2,(anonymous_2)
FNDA:4,(anonymous_3)
FNDA:2,(anonymous_4)
FNDA:2,(anonymous_5)
DA:11,1
DA:14,4
DA:15,4
DA:16,0
DA:18,4
DA:26,4
DA:27,2
DA:28,2
DA:29,2
DA:30,1
DA:31,0
DA:33,1
DA:36,1
DA:37,0
DA:38,0
DA:41,1
DA:44,4
DA:45,4
DA:46,1
DA:48,3
DA:51,4
DA:54,4
DA:55,2
DA:58,4
LF:24
LH:20
BRDA:15,0,0,0
BRDA:15,0,1,4
BRDA:27,1,0,2
BRDA:27,1,1,0
BRDA:29,2,0,1
BRDA:29,2,1,1
BRDA:30,3,0,0
BRDA:30,3,1,1
BRDA:36,4,0,0
BRDA:36,4,1,1
BRDA:45,5,0,1
BRDA:45,5,1,3
BRDA:55,6,0,1
BRDA:55,6,1,1
BRF:14
BRH:10
end_of_record
